/usr/local/sbin/startdocker: line 3: /tmp/startdocker.log: Permission denied
/usr/local/sbin/startdocker: line 79: /tmp/startdocker.log: Permission denied
Unable to find image 'bit:5000/zhaorj_torch1.7:latest' locally
latest: Pulling from zhaorj_torch1.7
23884877105a: Already exists
bc38caa0f5b9: Already exists
2910811b6c42: Already exists
36505266dcc6: Already exists
307d9399406a: Already exists
dea2d0e2eb09: Already exists
9412c176f4b9: Already exists
6e417859a841: Already exists
37377cbf1823: Already exists
c2c77816c94e: Already exists
88c437869266: Pulling fs layer
88c437869266: Verifying Checksum
88c437869266: Download complete
88c437869266: Pull complete
Digest: sha256:80e4e06d1991f8c46d6df14c74926f59709efe864a50a15e0d9c92cc9dfc63f8
Status: Downloaded newer image for bit:5000/zhaorj_torch1.7:latest
train_sampling.py:394: UserWarning: Implicit dimension choice for softmax has been deprecated. Change the call to include dim=X as an argument.
  out1_soft=F.softmax(out1_ori)
/ghome/tuky/Summer/utils/loss.py:63: UserWarning: Implicit dimension choice for softmax has been deprecated. Change the call to include dim=X as an argument.
  out_t1 = F.softmax(out_t1)#.reshape(out_t1.shape[0],out_t1.shape[1],-1)
/ghome/tuky/Summer/utils/loss.py:64: UserWarning: Implicit dimension choice for softmax has been deprecated. Change the call to include dim=X as an argument.
  out_t1_ifsl = F.softmax(out_t1_ifsl)#.reshape(out_t1.shape[0],out_t1.shape[1],-1)
